new    5: 0x8049ac8 5 l (nil) r (nil)
search 5: 0x8049ac8 5 l (nil) r (nil)
new    3: 0x8049ad8 3 l (nil) r (nil)
search 5: 0x8049ac8 5 l 0x8049ad8 r (nil)
new    7: 0x8049ae8 7 l (nil) r (nil)
search 5: 0x8049ac8 5 l 0x8049ad8 r 0x8049ae8
search 3: 0x8049ad8 3 l (nil) r (nil)
new    2: 0x8049af8 2 l (nil) r (nil)
search 5: 0x8049ac8 5 l 0x8049ad8 r 0x8049ae8
search 3: 0x8049ad8 3 l 0x8049af8 r (nil)
new    4: 0x8049b08 4 l (nil) r (nil)
search 5: 0x8049ac8 5 l 0x8049ad8 r 0x8049ae8
search 7: 0x8049ae8 7 l (nil) r (nil)
new    6: 0x8049b18 6 l (nil) r (nil)
search 5: 0x8049ac8 5 l 0x8049ad8 r 0x8049ae8
search 7: 0x8049ae8 7 l 0x8049b18 r (nil)
new    8: 0x8049b28 8 l (nil) r (nil)
search 5: 0x8049ac8 5 l 0x8049ad8 r 0x8049ae8
search 3: 0x8049ad8 3 l 0x8049af8 r 0x8049b08
search 2: 0x8049af8 2 l (nil) r (nil)
new    1: 0x8049b38 1 l (nil) r (nil)
search 5: 0x8049ac8 5 l 0x8049ad8 r 0x8049ae8
search 7: 0x8049ae8 7 l 0x8049b18 r 0x8049b28
search 8: 0x8049b28 8 l (nil) r (nil)
new    9: 0x8049b48 9 l (nil) r (nil)
traver 1: 0x8049b38 1 l (nil) r (nil)
traver 2: 0x8049af8 2 l 0x8049b38 r (nil)
traver 3: 0x8049ad8 3 l 0x8049af8 r 0x8049b08
traver 4: 0x8049b08 4 l (nil) r (nil)
traver 5: 0x8049ac8 5 l 0x8049ad8 r 0x8049ae8
traver 6: 0x8049b18 6 l (nil) r (nil)
traver 7: 0x8049ae8 7 l 0x8049b18 r 0x8049b28
traver 8: 0x8049b28 8 l (nil) r 0x8049b48
traver 9: 0x8049b48 9 l (nil) r (nil)
search 5: 0x8049ac8 5 l 0x8049ad8 r 0x8049ae8
search 7: 0x8049ae8 7 l 0x8049b18 r 0x8049b28
search 8: 0x8049b28 8 l (nil) r 0x8049b48
search 9: 0x8049b48 9 l (nil) r (nil)
delete 9: 0x8049b48 9 l (nil) r (nil)
free   9: 0x8049b48 9 l (nil) r (nil)
traver 1: 0x8049b38 1 l (nil) r (nil)
traver 2: 0x8049af8 2 l 0x8049b38 r (nil)
traver 3: 0x8049ad8 3 l 0x8049af8 r 0x8049b08
traver 4: 0x8049b08 4 l (nil) r (nil)
traver 5: 0x8049ac8 5 l 0x8049ad8 r 0x8049ae8
traver 6: 0x8049b18 6 l (nil) r (nil)
traver 7: 0x8049ae8 7 l 0x8049b18 r 0x8049b28
traver 8: 0x8049b28 8 l (nil) r (nil)
search 5: 0x8049ac8 5 l 0x8049ad8 r 0x8049ae8
search 3: 0x8049ad8 3 l 0x8049af8 r 0x8049b08
search 2: 0x8049af8 2 l 0x8049b38 r (nil)
delete 2: 0x8049af8 2 l 0x8049b38 r (nil)
free   2: 0x8049af8 2 l 0x8049b38 r (nil)
traver 1: 0x8049b38 1 l (nil) r (nil)
traver 3: 0x8049ad8 3 l 0x8049b38 r 0x8049b08
traver 4: 0x8049b08 4 l (nil) r (nil)
traver 5: 0x8049ac8 5 l 0x8049ad8 r 0x8049ae8
traver 6: 0x8049b18 6 l (nil) r (nil)
traver 7: 0x8049ae8 7 l 0x8049b18 r 0x8049b28
traver 8: 0x8049b28 8 l (nil) r (nil)
search 5: 0x8049ac8 5 l 0x8049ad8 r 0x8049ae8
search 7: 0x8049ae8 7 l 0x8049b18 r 0x8049b28
delete 7: 0x8049ae8 7 l 0x8049b18 r 0x8049b28
delete 7: 0x8049b18 7 l (nil) r (nil)
free   7: 0x8049b18 7 l (nil) r (nil)
traver 1: 0x8049b38 1 l (nil) r (nil)
traver 3: 0x8049ad8 3 l 0x8049b38 r 0x8049b08
traver 4: 0x8049b08 4 l (nil) r (nil)
traver 5: 0x8049ac8 5 l 0x8049ad8 r 0x8049ae8
traver 6: 0x8049ae8 6 l (nil) r 0x8049b28
traver 8: 0x8049b28 8 l (nil) r (nil)
