new    5: 0x8049bd0 5 l (nil) r (nil)
search 5: 0x8049bd0 5 l (nil) r (nil)
new    3: 0x8049be0 3 l (nil) r (nil)
search 5: 0x8049bd0 5 l 0x8049be0 r (nil)
new    7: 0x8049bf0 7 l (nil) r (nil)
search 5: 0x8049bd0 5 l 0x8049be0 r 0x8049bf0
search 3: 0x8049be0 3 l (nil) r (nil)
new    2: 0x8049c00 2 l (nil) r (nil)
search 5: 0x8049bd0 5 l 0x8049be0 r 0x8049bf0
search 3: 0x8049be0 3 l 0x8049c00 r (nil)
new    4: 0x8049c10 4 l (nil) r (nil)
search 5: 0x8049bd0 5 l 0x8049be0 r 0x8049bf0
search 7: 0x8049bf0 7 l (nil) r (nil)
new    6: 0x8049c20 6 l (nil) r (nil)
search 5: 0x8049bd0 5 l 0x8049be0 r 0x8049bf0
search 7: 0x8049bf0 7 l 0x8049c20 r (nil)
new    8: 0x8049c30 8 l (nil) r (nil)
search 5: 0x8049bd0 5 l 0x8049be0 r 0x8049bf0
search 3: 0x8049be0 3 l 0x8049c00 r 0x8049c10
search 2: 0x8049c00 2 l (nil) r (nil)
new    1: 0x8049c40 1 l (nil) r (nil)
search 5: 0x8049bd0 5 l 0x8049be0 r 0x8049bf0
search 7: 0x8049bf0 7 l 0x8049c20 r 0x8049c30
search 8: 0x8049c30 8 l (nil) r (nil)
new    9: 0x8049c50 9 l (nil) r (nil)
traver 1: 0x8049c40 1 l (nil) r (nil)
traver 2: 0x8049c00 2 l 0x8049c40 r (nil)
traver 3: 0x8049be0 3 l 0x8049c00 r 0x8049c10
traver 4: 0x8049c10 4 l (nil) r (nil)
traver 5: 0x8049bd0 5 l 0x8049be0 r 0x8049bf0
traver 6: 0x8049c20 6 l (nil) r (nil)
traver 7: 0x8049bf0 7 l 0x8049c20 r 0x8049c30
traver 8: 0x8049c30 8 l (nil) r 0x8049c50
traver 9: 0x8049c50 9 l (nil) r (nil)
e 5: 0x8049bd0 5 l 0x8049be0 r 0x8049bf0
d 5: 0x8049bd0 5 l 0x8049be0 r 0x8049bf0
e 3: 0x8049be0 3 l 0x8049c00 r 0x8049c10
e 7: 0x8049bf0 7 l 0x8049c20 r 0x8049c30
d 3: 0x8049be0 3 l 0x8049c00 r 0x8049c10
e 2: 0x8049c00 2 l 0x8049c40 r (nil)
e 4: 0x8049c10 4 l (nil) r (nil)
d 7: 0x8049bf0 7 l 0x8049c20 r 0x8049c30
e 6: 0x8049c20 6 l (nil) r (nil)
e 8: 0x8049c30 8 l (nil) r 0x8049c50
d 2: 0x8049c00 2 l 0x8049c40 r (nil)
e 1: 0x8049c40 1 l (nil) r (nil)
d 4: 0x8049c10 4 l (nil) r (nil)
d 6: 0x8049c20 6 l (nil) r (nil)
d 8: 0x8049c30 8 l (nil) r 0x8049c50
e 9: 0x8049c50 9 l (nil) r (nil)
d 1: 0x8049c40 1 l (nil) r (nil)
d 9: 0x8049c50 9 l (nil) r (nil)
d node is NULL
