a[] 0xbfffe8a0 a[0] 2 i 4
2 9 3 6 
a[] 0xbfffe8a0 a[0] 2 i 9
2 9 3 6 8 4 5 7 0 
2 - 9 - 3 - 6 - 8 - 4 - 5 - 7 - 0 - 1 - 
a[] 0xbfffe8a0 a[0] 2 i 3
2 9 3 
a[] 0xbfffe8a0 a[0] 2 i 7
2 9 3 7 8 4 5 
2 - 9 - 3 - 7 - 8 - 4 - 5 - 6 - 0 - 1 - 
a[] 0xbfffe8a0 a[0] 2 i 2
2 9 
a[] 0xbfffe8a0 a[0] 2 i 6
2 9 5 7 8 4 
2 - 9 - 5 - 7 - 8 - 4 - 3 - 6 - 0 - 1 - 
a[] 0xbfffe8a0 a[0] 2 i 1
2 
2 - 9 - 5 - 7 - 8 - 4 - 3 - 6 - 0 - 1 - 
a[] 0xbfffe8a0 a[0] 2 i 0
a[] 0xbfffe8a0 a[0] 9 i 1
9 
a[] 0xbfffe8a0 a[0] 9 i 4
9 8 5 7 
9 - 8 - 5 - 7 - 2 - 4 - 3 - 6 - 0 - 1 - 
a[] 0xbfffe8a0 a[0] 1 i 0
a[] 0xbfffe8a0 a[0] 8 i 1
8 
a[] 0xbfffe8a0 a[0] 8 i 3
8 7 5 
a[] 0xbfffe8a0 a[0] 8 i 7
8 7 5 6 2 4 3 
a[] 0xbfffe8a0 a[0] 0 i 0
a[] 0xbfffe8a0 a[0] 7 i 1
7 
a[] 0xbfffe8a0 a[0] 7 i 3
7 6 5 
a[] 0xbfffe8a0 a[0] 7 i 7
7 6 5 1 2 4 3 
a[] 0xbfffe8a0 a[0] 0 i 0
a[] 0xbfffe8a0 a[0] 6 i 1
6 
a[] 0xbfffe8a0 a[0] 6 i 4
6 2 5 1 
a[] 0xbfffe8a0 a[0] 3 i 0
a[] 0xbfffe8a0 a[0] 5 i 2
5 2 
a[] 0xbfffe8a0 a[0] 5 i 5
5 2 4 1 0 
a[] 0xbfffe8a0 a[0] 3 i 0
a[] 0xbfffe8a0 a[0] 4 i 2
4 2 
a[] 0xbfffe8a0 a[0] 0 i 0
a[] 0xbfffe8a0 a[0] 3 i 2
3 2 
a[] 0xbfffe8a0 a[0] 1 i 0
a[] 0xbfffe8a0 a[0] 2 i 1
2 
a[] 0xbfffe8a0 a[0] 0 i 0
a[] 0xbfffe8a0 a[0] 1 i 1
1 
a[] 0xbfffe8a0 a[0] 0 i 0
a[] 0xbfffe8a0 a[0] 0 i 0
0 - 1 - 2 - 3 - 4 - 5 - 6 - 7 - 8 - 9 - 
