add    0: 0x80499a0 0 n (nil) 
add    1: 0x80499b0 1 n 0x80499a0 
add    2: 0x80499c0 2 n 0x80499b0 
add    3: 0x80499d0 3 n 0x80499c0 
add    4: 0x80499e0 4 n 0x80499d0 
list   4: 0x80499e0 4 n 0x80499d0 
list   3: 0x80499d0 3 n 0x80499c0 
list   2: 0x80499c0 2 n 0x80499b0 
list   1: 0x80499b0 1 n 0x80499a0 
list   0: 0x80499a0 0 n (nil) 
remove 4: 0x80499e0 4 n 0x80499d0 
list   3: 0x80499d0 3 n 0x80499c0 
list   2: 0x80499c0 2 n 0x80499b0 
list   1: 0x80499b0 1 n 0x80499a0 
list   0: 0x80499a0 0 n (nil) 
remove 2: 0x80499c0 2 n 0x80499b0 
list   3: 0x80499d0 3 n 0x80499b0 
list   1: 0x80499b0 1 n 0x80499a0 
list   0: 0x80499a0 0 n (nil) 
search 3: 0x80499d0 3 n 0x80499b0 
search 1: 0x80499b0 1 n 0x80499a0 
remove 1: 0x80499b0 1 n 0x80499a0 
list   3: 0x80499d0 3 n 0x80499a0 
list   0: 0x80499a0 0 n (nil) 
remove 0: 0x80499a0 0 n (nil) 
list   3: 0x80499d0 3 n (nil) 
remove 3: 0x80499d0 3 n (nil) 
list is empty
add    0: 0x80499a0 0 n (nil) 
add    1: 0x80499b0 1 n (nil) 
add    2: 0x80499c0 2 n (nil) 
add    3: 0x80499d0 3 n (nil) 
add    4: 0x80499e0 4 n (nil) 
list   0: 0x80499a0 0 n 0x80499b0 
list   1: 0x80499b0 1 n 0x80499c0 
list   2: 0x80499c0 2 n 0x80499d0 
list   3: 0x80499d0 3 n 0x80499e0 
list   4: 0x80499e0 4 n (nil) 
